<?xml version="1.0" encoding="UTF-8"?><testsuite errors="0" failures="0" name="com.virgingames.virginbingotest.VirginBingoTest" skipped="0" tests="3" time="16.34" timestamp="2020-06-04T15:59:57.628+01:00[Europe/London]"><testcase classname="com.virgingames.virginbingotest.VirginBingoTest" name="Verifying That All the Games Contains Only DefaultGameFrequency=300000"/><testcase classname="com.virgingames.virginbingotest.VirginBingoTest" name="Verifying That the value of defaultGameFrequency=300000"/><testcase classname="com.virgingames.virginbingotest.VirginBingoTest" name="Verifying That the startTime is always future timeStamp"/></testsuite>